<?xml version="1.0" encoding="UTF-8"?>
<!-- Generated by org.testng.reporters.JUnitXMLReporter -->
<testsuite ignored="0" hostname="LAPTOP-PNEHHBBE" failures="0" tests="5" name="Default test" time="23.573" errors="0" timestamp="2023-08-05T05:22:55 CDT">
  <testcase classname="com.solvd.laba.carina.carinaDocsWebTests.HeaderValidationTest" name="testCarinaHeaderTextPresence" time="3.91"/>
  <testcase classname="com.solvd.laba.carina.carinaDocsWebTests.HeaderValidationTest" name="testCarinaSearchBarPlaceholderText" time="3.498"/>
  <testcase classname="com.solvd.laba.carina.carinaDocsWebTests.HeaderValidationTest" name="testGitHubLinkValidation" time="3.196"/>
  <testcase classname="com.solvd.laba.carina.carinaDocsWebTests.HeaderValidationTest" name="testLogoTakesUserToOverviewPage" time="4.209"/>
  <testcase classname="com.solvd.laba.carina.carinaDocsWebTests.HeaderValidationTest" name="testValidateHeaderIsSticky" time="3.597"/>
</testsuite> <!-- Default test -->
