<?xml version="1.0" encoding="UTF-8"?>
<!-- Generated by org.testng.reporters.JUnitXMLReporter -->
<testsuite ignored="2" hostname="LAPTOP-PNEHHBBE" failures="0" tests="1" name="Default test" time="1.477" errors="0" timestamp="2023-07-28T00:35:56 CDT">
  <testcase classname="com.solvd.laba.carina.unsplash.APITests" name="testInvalidCredentials" time="1.411"/>
  <testcase classname="com.solvd.laba.carina.unsplash.APITests" name="testSearchEagleImages" time="0.0">
    <ignored/>
  </testcase> <!-- testSearchEagleImages -->
  <testcase classname="com.solvd.laba.carina.unsplash.APITests" name="testSearchTopics" time="0.0">
    <ignored/>
  </testcase> <!-- testSearchTopics -->
</testsuite> <!-- Default test -->
