<?xml version="1.0" encoding="UTF-8"?>
<testng-results ignored="2" total="3" passed="1" failed="0" skipped="0">
  <reporter-output>
  </reporter-output>
  <suite started-at="2023-07-28T00:35:54 CDT" name="Default suite" finished-at="2023-07-28T00:35:56 CDT" duration-ms="1477">
    <groups>
    </groups>
    <test started-at="2023-07-28T00:35:54 CDT" name="Default test" finished-at="2023-07-28T00:35:56 CDT" duration-ms="1477">
      <class name="com.solvd.laba.carina.unsplash.APITests">
        <test-method signature="testInvalidCredentials()[pri:0, instance:com.solvd.laba.carina.unsplash.APITests@17d45cfb]" started-at="2023-07-28T00:35:54 CDT" name="testInvalidCredentials" finished-at="2023-07-28T00:35:56 CDT" duration-ms="1411" status="PASS">
          <reporter-output>
          </reporter-output>
        </test-method> <!-- testInvalidCredentials -->
        <test-method is-config="true" signature="onCarinaAfterMethod()[pri:0, instance:com.solvd.laba.carina.unsplash.APITests@17d45cfb]" started-at="2023-07-28T00:35:56 CDT" name="onCarinaAfterMethod" finished-at="2023-07-28T00:35:56 CDT" duration-ms="2" status="PASS">
          <reporter-output>
          </reporter-output>
        </test-method> <!-- onCarinaAfterMethod -->
      </class> <!-- com.solvd.laba.carina.unsplash.APITests -->
    </test> <!-- Default test -->
  </suite> <!-- Default suite -->
</testng-results>
