<?xml version="1.0" encoding="UTF-8"?>
<testng-results ignored="0" total="5" passed="5" failed="0" skipped="0">
  <reporter-output>
  </reporter-output>
  <suite started-at="2023-08-05T05:22:32 CDT" name="Default suite" finished-at="2023-08-05T05:22:55 CDT" duration-ms="23573">
    <groups>
    </groups>
    <test started-at="2023-08-05T05:22:32 CDT" name="Default test" finished-at="2023-08-05T05:22:55 CDT" duration-ms="23573">
      <class name="com.solvd.laba.carina.carinaDocsWebTests.HeaderValidationTest">
        <test-method signature="testCarinaHeaderTextPresence()[pri:0, instance:com.solvd.laba.carina.carinaDocsWebTests.HeaderValidationTest@4c89c98a]" started-at="2023-08-05T05:22:32 CDT" name="testCarinaHeaderTextPresence" finished-at="2023-08-05T05:22:36 CDT" duration-ms="3910" status="PASS">
          <reporter-output>
          </reporter-output>
        </test-method> <!-- testCarinaHeaderTextPresence -->
        <test-method is-config="true" signature="onCarinaAfterMethod()[pri:0, instance:com.solvd.laba.carina.carinaDocsWebTests.HeaderValidationTest@4c89c98a]" started-at="2023-08-05T05:22:36 CDT" name="onCarinaAfterMethod" finished-at="2023-08-05T05:22:36 CDT" duration-ms="2" status="PASS">
          <reporter-output>
          </reporter-output>
        </test-method> <!-- onCarinaAfterMethod -->
        <test-method signature="testCarinaSearchBarPlaceholderText()[pri:0, instance:com.solvd.laba.carina.carinaDocsWebTests.HeaderValidationTest@4c89c98a]" started-at="2023-08-05T05:22:37 CDT" name="testCarinaSearchBarPlaceholderText" finished-at="2023-08-05T05:22:40 CDT" duration-ms="3498" status="PASS">
          <reporter-output>
          </reporter-output>
        </test-method> <!-- testCarinaSearchBarPlaceholderText -->
        <test-method is-config="true" signature="onCarinaAfterMethod()[pri:0, instance:com.solvd.laba.carina.carinaDocsWebTests.HeaderValidationTest@4c89c98a]" started-at="2023-08-05T05:22:40 CDT" name="onCarinaAfterMethod" finished-at="2023-08-05T05:22:40 CDT" duration-ms="0" status="PASS">
          <reporter-output>
          </reporter-output>
        </test-method> <!-- onCarinaAfterMethod -->
        <test-method signature="testGitHubLinkValidation()[pri:0, instance:com.solvd.laba.carina.carinaDocsWebTests.HeaderValidationTest@4c89c98a]" started-at="2023-08-05T05:22:41 CDT" name="testGitHubLinkValidation" finished-at="2023-08-05T05:22:44 CDT" duration-ms="3196" status="PASS">
          <reporter-output>
          </reporter-output>
        </test-method> <!-- testGitHubLinkValidation -->
        <test-method is-config="true" signature="onCarinaAfterMethod()[pri:0, instance:com.solvd.laba.carina.carinaDocsWebTests.HeaderValidationTest@4c89c98a]" started-at="2023-08-05T05:22:44 CDT" name="onCarinaAfterMethod" finished-at="2023-08-05T05:22:44 CDT" duration-ms="1" status="PASS">
          <reporter-output>
          </reporter-output>
        </test-method> <!-- onCarinaAfterMethod -->
        <test-method signature="testLogoTakesUserToOverviewPage()[pri:0, instance:com.solvd.laba.carina.carinaDocsWebTests.HeaderValidationTest@4c89c98a]" started-at="2023-08-05T05:22:45 CDT" name="testLogoTakesUserToOverviewPage" finished-at="2023-08-05T05:22:50 CDT" duration-ms="4209" status="PASS">
          <reporter-output>
          </reporter-output>
        </test-method> <!-- testLogoTakesUserToOverviewPage -->
        <test-method is-config="true" signature="onCarinaAfterMethod()[pri:0, instance:com.solvd.laba.carina.carinaDocsWebTests.HeaderValidationTest@4c89c98a]" started-at="2023-08-05T05:22:50 CDT" name="onCarinaAfterMethod" finished-at="2023-08-05T05:22:50 CDT" duration-ms="0" status="PASS">
          <reporter-output>
          </reporter-output>
        </test-method> <!-- onCarinaAfterMethod -->
        <test-method signature="testValidateHeaderIsSticky()[pri:0, instance:com.solvd.laba.carina.carinaDocsWebTests.HeaderValidationTest@4c89c98a]" started-at="2023-08-05T05:22:51 CDT" name="testValidateHeaderIsSticky" finished-at="2023-08-05T05:22:54 CDT" duration-ms="3597" status="PASS">
          <reporter-output>
          </reporter-output>
        </test-method> <!-- testValidateHeaderIsSticky -->
        <test-method is-config="true" signature="onCarinaAfterMethod()[pri:0, instance:com.solvd.laba.carina.carinaDocsWebTests.HeaderValidationTest@4c89c98a]" started-at="2023-08-05T05:22:54 CDT" name="onCarinaAfterMethod" finished-at="2023-08-05T05:22:54 CDT" duration-ms="1" status="PASS">
          <reporter-output>
          </reporter-output>
        </test-method> <!-- onCarinaAfterMethod -->
      </class> <!-- com.solvd.laba.carina.carinaDocsWebTests.HeaderValidationTest -->
    </test> <!-- Default test -->
  </suite> <!-- Default suite -->
</testng-results>
